<?xml version="1.0" encoding="UTF-8"?>
<!-- Generated by org.testng.reporters.JUnitXMLReporter -->
<testsuite ignored="0" hostname="LAPTOP-VB8VERVD" failures="0" tests="4" name="Default test" time="0.048" errors="0" timestamp="2022-06-04T19:40:55 IST">
  <testcase classname="com.test.classes.VerifyRandDApplication" name="@BeforeTest launchBrowser" time="-1.654351855426E9">
    <failure type="org.testng.TestNGException" message="
Parameter &amp;apos;browser&amp;apos; is required by BeforeTest on method launchBrowser but has not been marked @Optional or defined
in C:\Users\llenovo\AppData\Local\Temp\testng-eclipse--874198598\testng-customsuite.xml">
      <![CDATA[org.testng.TestNGException: 
Parameter 'browser' is required by BeforeTest on method launchBrowser but has not been marked @Optional or defined
in C:\Users\llenovo\AppData\Local\Temp\testng-eclipse--874198598\testng-customsuite.xml
at org.testng.internal.Parameters.createParams(Parameters.java:267)
at org.testng.internal.Parameters.createParametersForMethod(Parameters.java:355)
at org.testng.internal.Parameters.createParameters(Parameters.java:660)
at org.testng.internal.Parameters.createConfigurationParameters(Parameters.java:166)
at org.testng.internal.invokers.ConfigInvoker.invokeConfigurations(ConfigInvoker.java:300)
at org.testng.TestRunner.invokeTestConfigurations(TestRunner.java:645)
at org.testng.TestRunner.beforeRun(TestRunner.java:634)
at org.testng.TestRunner.run(TestRunner.java:596)
at org.testng.SuiteRunner.runTest(SuiteRunner.java:429)
at org.testng.SuiteRunner.runSequentially(SuiteRunner.java:423)
at org.testng.SuiteRunner.privateRun(SuiteRunner.java:383)
at org.testng.SuiteRunner.run(SuiteRunner.java:326)
at org.testng.SuiteRunnerWorker.runSuite(SuiteRunnerWorker.java:52)
at org.testng.SuiteRunnerWorker.run(SuiteRunnerWorker.java:95)
at org.testng.TestNG.runSuitesSequentially(TestNG.java:1249)
at org.testng.TestNG.runSuitesLocally(TestNG.java:1169)
at org.testng.TestNG.runSuites(TestNG.java:1092)
at org.testng.TestNG.run(TestNG.java:1060)
at org.testng.remote.AbstractRemoteTestNG.run(AbstractRemoteTestNG.java:115)
at org.testng.remote.RemoteTestNG.initAndRun(RemoteTestNG.java:251)
at org.testng.remote.RemoteTestNG.main(RemoteTestNG.java:77)
]]>
    </failure>
  </testcase> <!-- @BeforeTest launchBrowser -->
  <testcase classname="com.test.classes.VerifyRandDApplication" name="@BeforeClass initializeObjects" time="0.0">
    <skipped/>
  </testcase> <!-- @BeforeClass initializeObjects -->
  <testcase classname="com.test.classes.VerifyRandDApplication" name="@BeforeMethod verifywebsite" time="0.0">
    <skipped/>
  </testcase> <!-- @BeforeMethod verifywebsite -->
  <testcase classname="com.test.classes.VerifyRandDApplication" name="@BeforeMethod verifywebsite" time="0.0">
    <skipped/>
  </testcase> <!-- @BeforeMethod verifywebsite -->
  <testcase classname="com.test.classes.VerifyRandDApplication" name="@BeforeMethod verifywebsite" time="0.0">
    <skipped/>
  </testcase> <!-- @BeforeMethod verifywebsite -->
  <testcase classname="com.test.classes.VerifyRandDApplication" name="@BeforeMethod verifywebsite" time="0.0">
    <skipped/>
  </testcase> <!-- @BeforeMethod verifywebsite -->
  <testcase classname="com.test.classes.VerifyRandDApplication" name="@AfterClass afterClass" time="0.0">
    <skipped/>
  </testcase> <!-- @AfterClass afterClass -->
  <testcase classname="com.test.classes.VerifyRandDApplication" name="summaryTabTest" time="0.0">
    <skipped/>
  </testcase> <!-- summaryTabTest -->
  <testcase classname="com.test.classes.VerifyRandDApplication" name="lifecycleInnovationTabTest" time="0.0">
    <skipped/>
  </testcase> <!-- lifecycleInnovationTabTest -->
  <testcase classname="com.test.classes.VerifyRandDApplication" name="cycleTimes" time="0.0">
    <skipped/>
  </testcase> <!-- cycleTimes -->
  <testcase classname="com.test.classes.VerifyRandDApplication" name="successRates" time="0.0">
    <skipped/>
  </testcase> <!-- successRates -->
</testsuite> <!-- Default test -->
